# JRE version: Java(TM) SE Runtime Environment (8.0_102-b14) (build 1.8.0_102-b14)
# Java VM: Java HotSpot(TM) 64-Bit Server VM (25.102-b14 mixed mode windows-amd64 compressed oops)
Heap:
 PSYoungGen      total 452096K, used 333990K [0x000000076b380000, 0x000000078a000000, 0x00000007c0000000)
  eden space 440320K, 75% used [0x000000076b380000,0x000000077f9a9928,0x0000000786180000)
  from space 11776K, 0% used [0x0000000786c80000,0x0000000786c80000,0x0000000787800000)
  to   space 11264K, 0% used [0x0000000786180000,0x0000000786180000,0x0000000786c80000)
 ParOldGen       total 99328K, used 11153K [0x00000006c1a00000, 0x00000006c7b00000, 0x000000076b380000)
  object space 99328K, 11% used [0x00000006c1a00000,0x00000006c24e4488,0x00000006c7b00000)
 Metaspace       used 54175K, capacity 56806K, committed 57048K, reserved 1097728K
  class space    used 7352K, capacity 7828K, committed 7896K, reserved 1048576K
GC Heap History (10 events):
Event: 2.176 GC heap before
{Heap before GC invocations=6 (full 1):
 PSYoungGen      total 141824K, used 4757K [0x000000076b380000, 0x000000077c580000, 0x00000007c0000000)
  eden space 131072K, 0% used [0x000000076b380000,0x000000076b380000,0x0000000773380000)
  from space 10752K, 44% used [0x0000000773380000,0x00000007738257e0,0x0000000773e00000)
  to   space 9216K, 0% used [0x000000077bc80000,0x000000077bc80000,0x000000077c580000)
 ParOldGen       total 175104K, used 48K [0x00000006c1a00000, 0x00000006cc500000, 0x000000076b380000)
  object space 175104K, 0% used [0x00000006c1a00000,0x00000006c1a0c000,0x00000006cc500000)
 Metaspace       used 20508K, capacity 21116K, committed 21248K, reserved 1067008K
  class space    used 2571K, capacity 2744K, committed 2816K, reserved 1048576K
Event: 2.202 GC heap after
Heap after GC invocations=6 (full 1):
 PSYoungGen      total 141824K, used 0K [0x000000076b380000, 0x000000077c580000, 0x00000007c0000000)
  eden space 131072K, 0% used [0x000000076b380000,0x000000076b380000,0x0000000773380000)
  from space 10752K, 0% used [0x0000000773380000,0x0000000773380000,0x0000000773e00000)
  to   space 9216K, 0% used [0x000000077bc80000,0x000000077bc80000,0x000000077c580000)
 ParOldGen       total 78848K, used 4680K [0x00000006c1a00000, 0x00000006c6700000, 0x000000076b380000)
  object space 78848K, 5% used [0x00000006c1a00000,0x00000006c1e923f0,0x00000006c6700000)
 Metaspace       used 20506K, capacity 21110K, committed 21248K, reserved 1067008K
  class space    used 2571K, capacity 2743K, committed 2816K, reserved 1048576K
}
Event: 2.925 GC heap before
{Heap before GC invocations=7 (full 1):
 PSYoungGen      total 141824K, used 131072K [0x000000076b380000, 0x000000077c580000, 0x00000007c0000000)
  eden space 131072K, 100% used [0x000000076b380000,0x0000000773380000,0x0000000773380000)
  from space 10752K, 0% used [0x0000000773380000,0x0000000773380000,0x0000000773e00000)
  to   space 9216K, 0% used [0x000000077bc80000,0x000000077bc80000,0x000000077c580000)
 ParOldGen       total 78848K, used 4680K [0x00000006c1a00000, 0x00000006c6700000, 0x000000076b380000)
  object space 78848K, 5% used [0x00000006c1a00000,0x00000006c1e923f0,0x00000006c6700000)
 Metaspace       used 24146K, capacity 24996K, committed 25088K, reserved 1071104K
  class space    used 3061K, capacity 3255K, committed 3328K, reserved 1048576K
Event: 2.932 GC heap after
Heap after GC invocations=7 (full 1):
 PSYoungGen      total 249344K, used 6331K [0x000000076b380000, 0x000000077c300000, 0x00000007c0000000)
  eden space 242688K, 0% used [0x000000076b380000,0x000000076b380000,0x000000077a080000)
  from space 6656K, 95% used [0x000000077bc80000,0x000000077c2aed80,0x000000077c300000)
  to   space 8704K, 0% used [0x000000077b200000,0x000000077b200000,0x000000077ba80000)
 ParOldGen       total 78848K, used 4688K [0x00000006c1a00000, 0x00000006c6700000, 0x000000076b380000)
  object space 78848K, 5% used [0x00000006c1a00000,0x00000006c1e943f0,0x00000006c6700000)
 Metaspace       used 24146K, capacity 24996K, committed 25088K, reserved 1071104K
  class space    used 3061K, capacity 3255K, committed 3328K, reserved 1048576K
}
Event: 5.141 GC heap before
{Heap before GC invocations=8 (full 1):
 PSYoungGen      total 249344K, used 249019K [0x000000076b380000, 0x000000077c300000, 0x00000007c0000000)
  eden space 242688K, 100% used [0x000000076b380000,0x000000077a080000,0x000000077a080000)
  from space 6656K, 95% used [0x000000077bc80000,0x000000077c2aed80,0x000000077c300000)
  to   space 8704K, 0% used [0x000000077b200000,0x000000077b200000,0x000000077ba80000)
 ParOldGen       total 78848K, used 4688K [0x00000006c1a00000, 0x00000006c6700000, 0x000000076b380000)
  object space 78848K, 5% used [0x00000006c1a00000,0x00000006c1e943f0,0x00000006c6700000)
 Metaspace       used 33378K, capacity 35130K, committed 35416K, reserved 1079296K
  class space    used 4281K, capacity 4610K, committed 4696K, reserved 1048576K
Event: 5.156 GC heap after
Heap after GC invocations=8 (full 1):
 PSYoungGen      total 269312K, used 8698K [0x000000076b380000, 0x0000000787800000, 0x00000007c0000000)
  eden space 260608K, 0% used [0x000000076b380000,0x000000076b380000,0x000000077b200000)
  from space 8704K, 99% used [0x000000077b200000,0x000000077ba7ebe0,0x000000077ba80000)
  to   space 11776K, 0% used [0x0000000786c80000,0x0000000786c80000,0x0000000787800000)
 ParOldGen       total 78848K, used 9060K [0x00000006c1a00000, 0x00000006c6700000, 0x000000076b380000)
  object space 78848K, 11% used [0x00000006c1a00000,0x00000006c22d90c8,0x00000006c6700000)
 Metaspace       used 33378K, capacity 35130K, committed 35416K, reserved 1079296K
  class space    used 4281K, capacity 4610K, committed 4696K, reserved 1048576K
}
Event: 5.210 GC heap before
{Heap before GC invocations=9 (full 1):
 PSYoungGen      total 269312K, used 12631K [0x000000076b380000, 0x0000000787800000, 0x00000007c0000000)
  eden space 260608K, 1% used [0x000000076b380000,0x000000076b757368,0x000000077b200000)
  from space 8704K, 99% used [0x000000077b200000,0x000000077ba7ebe0,0x000000077ba80000)
  to   space 11776K, 0% used [0x0000000786c80000,0x0000000786c80000,0x0000000787800000)
 ParOldGen       total 78848K, used 9060K [0x00000006c1a00000, 0x00000006c6700000, 0x000000076b380000)
  object space 78848K, 11% used [0x00000006c1a00000,0x00000006c22d90c8,0x00000006c6700000)
 Metaspace       used 33557K, capacity 35270K, committed 35416K, reserved 1079296K
  class space    used 4294K, capacity 4612K, committed 4696K, reserved 1048576K
Event: 5.218 GC heap after
Heap after GC invocations=9 (full 1):
 PSYoungGen      total 452096K, used 6688K [0x000000076b380000, 0x000000078a000000, 0x00000007c0000000)
  eden space 440320K, 0% used [0x000000076b380000,0x000000076b380000,0x0000000786180000)
  from space 11776K, 56% used [0x0000000786c80000,0x00000007873080c8,0x0000000787800000)
  to   space 11264K, 0% used [0x0000000786180000,0x0000000786180000,0x0000000786c80000)
 ParOldGen       total 78848K, used 9132K [0x00000006c1a00000, 0x00000006c6700000, 0x000000076b380000)
  object space 78848K, 11% used [0x00000006c1a00000,0x00000006c22eb0d8,0x00000006c6700000)
 Metaspace       used 33557K, capacity 35270K, committed 35416K, reserved 1079296K
  class space    used 4294K, capacity 4612K, committed 4696K, reserved 1048576K
}
Event: 5.218 GC heap before
{Heap before GC invocations=10 (full 2):
 PSYoungGen      total 452096K, used 6688K [0x000000076b380000, 0x000000078a000000, 0x00000007c0000000)
  eden space 440320K, 0% used [0x000000076b380000,0x000000076b380000,0x0000000786180000)
  from space 11776K, 56% used [0x0000000786c80000,0x00000007873080c8,0x0000000787800000)
  to   space 11264K, 0% used [0x0000000786180000,0x0000000786180000,0x0000000786c80000)
 ParOldGen       total 78848K, used 9132K [0x00000006c1a00000, 0x00000006c6700000, 0x000000076b380000)
  object space 78848K, 11% used [0x00000006c1a00000,0x00000006c22eb0d8,0x00000006c6700000)
 Metaspace       used 33557K, capacity 35270K, committed 35416K, reserved 1079296K
  class space    used 4294K, capacity 4612K, committed 4696K, reserved 1048576K
Event: 5.261 GC heap after
Heap after GC invocations=10 (full 2):
 PSYoungGen      total 452096K, used 0K [0x000000076b380000, 0x000000078a000000, 0x00000007c0000000)
  eden space 440320K, 0% used [0x000000076b380000,0x000000076b380000,0x0000000786180000)
  from space 11776K, 0% used [0x0000000786c80000,0x0000000786c80000,0x0000000787800000)
  to   space 11264K, 0% used [0x0000000786180000,0x0000000786180000,0x0000000786c80000)
 ParOldGen       total 99328K, used 11153K [0x00000006c1a00000, 0x00000006c7b00000, 0x000000076b380000)
  object space 99328K, 11% used [0x00000006c1a00000,0x00000006c24e4488,0x00000006c7b00000)
 Metaspace       used 33557K, capacity 35270K, committed 35416K, reserved 1079296K
  class space    used 4294K, capacity 4612K, committed 4696K, reserved 1048576K
}

